This file contains any messages produced by compilers while
running configure, to aid debugging if configure makes a mistake.

It was created by pidgin-libnotify configure 0.14, which was
generated by GNU Autoconf 2.61.  Invocation command line was

  $ ./configure 

## --------- ##
## Platform. ##
## --------- ##

hostname = mithril
uname -m = x86_64
uname -r = 3.2.0-2-amd64
uname -s = Linux
uname -v = #1 SMP Sat May 12 23:08:28 UTC 2012

/usr/bin/uname -p = unknown
/bin/uname -X     = unknown

/bin/arch              = unknown
/usr/bin/arch -k       = unknown
/usr/convex/getsysinfo = unknown
/usr/bin/hostinfo      = unknown
/bin/machine           = unknown
/usr/bin/oslevel       = unknown
/bin/universe          = unknown

PATH: /home/yorik/Apps
PATH: /sbin
PATH: /usr/sbin
PATH: /usr/local/bin
PATH: /usr/bin
PATH: /bin
PATH: /usr/games


## ----------- ##
## Core tests. ##
## ----------- ##

configure:2042: checking build system type
configure:2060: result: x86_64-unknown-linux-gnu
configure:2082: checking host system type
configure:2097: result: x86_64-unknown-linux-gnu
configure:2119: checking target system type
configure:2134: result: x86_64-unknown-linux-gnu
configure:2180: checking for a BSD-compatible install
configure:2236: result: /usr/bin/install -c
configure:2247: checking whether build environment is sane
configure:2290: result: yes
configure:2318: checking for a thread-safe mkdir -p
configure:2357: result: /bin/mkdir -p
configure:2370: checking for gawk
configure:2400: result: no
configure:2370: checking for mawk
configure:2386: found /usr/bin/mawk
configure:2397: result: mawk
configure:2408: checking whether make sets $(MAKE)
configure:2429: result: yes
configure:2622: checking for sed
configure:2640: found /bin/sed
configure:2652: result: /bin/sed
configure:2700: checking for style of include used by make
configure:2728: result: GNU
configure:2798: checking for gcc
configure:2814: found /usr/bin/gcc
configure:2825: result: gcc
configure:3063: checking for C compiler version
configure:3070: gcc --version >&5
gcc (Debian 4.6.3-1) 4.6.3
Copyright (C) 2011 Free Software Foundation, Inc.
This is free software; see the source for copying conditions.  There is NO
warranty; not even for MERCHANTABILITY or FITNESS FOR A PARTICULAR PURPOSE.

configure:3073: $? = 0
configure:3080: gcc -v >&5
Using built-in specs.
COLLECT_GCC=gcc
COLLECT_LTO_WRAPPER=/usr/lib/gcc/x86_64-linux-gnu/4.6/lto-wrapper
Target: x86_64-linux-gnu
Configured with: ../src/configure -v --with-pkgversion='Debian 4.6.3-1' --with-bugurl=file:///usr/share/doc/gcc-4.6/README.Bugs --enable-languages=c,c++,fortran,objc,obj-c++,go --prefix=/usr --program-suffix=-4.6 --enable-shared --enable-linker-build-id --with-system-zlib --libexecdir=/usr/lib --without-included-gettext --enable-threads=posix --with-gxx-include-dir=/usr/include/c++/4.6 --libdir=/usr/lib --enable-nls --with-sysroot=/ --enable-clocale=gnu --enable-libstdcxx-debug --enable-libstdcxx-time=yes --enable-plugin --enable-objc-gc --with-arch-32=i586 --with-tune=generic --enable-checking=release --build=x86_64-linux-gnu --host=x86_64-linux-gnu --target=x86_64-linux-gnu
Thread model: posix
gcc version 4.6.3 (Debian 4.6.3-1) 
configure:3083: $? = 0
configure:3090: gcc -V >&5
gcc: error: unrecognized option '-V'
gcc: fatal error: no input files
compilation terminated.
configure:3093: $? = 4
configure:3116: checking for C compiler default output file name
configure:3143: gcc    conftest.c  >&5
configure:3146: $? = 0
configure:3184: result: a.out
configure:3201: checking whether the C compiler works
configure:3211: ./a.out
configure:3214: $? = 0
configure:3231: result: yes
configure:3238: checking whether we are cross compiling
configure:3240: result: no
configure:3243: checking for suffix of executables
configure:3250: gcc -o conftest    conftest.c  >&5
configure:3253: $? = 0
configure:3277: result: 
configure:3283: checking for suffix of object files
configure:3309: gcc -c   conftest.c >&5
configure:3312: $? = 0
configure:3335: result: o
configure:3339: checking whether we are using the GNU C compiler
configure:3368: gcc -c   conftest.c >&5
configure:3374: $? = 0
configure:3391: result: yes
configure:3396: checking whether gcc accepts -g
configure:3426: gcc -c -g  conftest.c >&5
configure:3432: $? = 0
configure:3531: result: yes
configure:3548: checking for gcc option to accept ISO C89
configure:3622: gcc  -c -g -O2  conftest.c >&5
configure:3628: $? = 0
configure:3651: result: none needed
configure:3671: checking dependency style of gcc
configure:3762: result: gcc3
configure:3777: checking for a sed that does not truncate output
configure:3856: result: /bin/sed
configure:3874: checking for grep that handles long lines and -e
configure:3948: result: /bin/grep
configure:3953: checking for egrep
configure:4031: result: /bin/grep -E
configure:4036: checking for fgrep
configure:4114: result: /bin/grep -F
configure:4149: checking for ld used by gcc
configure:4216: result: /usr/bin/ld
configure:4225: checking if the linker (/usr/bin/ld) is GNU ld
configure:4240: result: yes
configure:4252: checking for BSD- or MS-compatible name lister (nm)
configure:4301: result: /usr/bin/nm -B
configure:4423: checking the name lister (/usr/bin/nm -B) interface
configure:4430: gcc -c -g -O2  conftest.c >&5
configure:4433: /usr/bin/nm -B "conftest.o"
configure:4436: output
0000000000000000 B some_variable
configure:4443: result: BSD nm
configure:4446: checking whether ln -s works
configure:4450: result: yes
configure:4458: checking the maximum length of command line arguments
configure:4578: result: 1572864
configure:4595: checking whether the shell understands some XSI constructs
configure:4605: result: yes
configure:4609: checking whether the shell understands "+="
configure:4615: result: yes
configure:4650: checking for /usr/bin/ld option to reload object files
configure:4657: result: -r
configure:4684: checking how to recognize dependent libraries
configure:4874: result: pass_all
configure:4934: checking for ar
configure:4950: found /usr/bin/ar
configure:4961: result: ar
configure:5043: checking for strip
configure:5059: found /usr/bin/strip
configure:5070: result: strip
configure:5146: checking for ranlib
configure:5162: found /usr/bin/ranlib
configure:5173: result: ranlib
configure:5267: checking command to parse /usr/bin/nm -B output from gcc object
configure:5385: gcc -c -g -O2  conftest.c >&5
configure:5388: $? = 0
configure:5392: /usr/bin/nm -B conftest.o \| sed -n -e 's/^.*[	 ]\([ABCDGIRSTW][ABCDGIRSTW]*\)[	 ][	 ]*\([_A-Za-z][_A-Za-z0-9]*\)$/\1 \2 \2/p' \> conftest.nm
configure:5395: $? = 0
configure:5449: gcc -o conftest -g -O2   conftest.c conftstm.o >&5
configure:5452: $? = 0
configure:5490: result: ok
configure:5586: gcc -c -g -O2  conftest.c >&5
configure:5589: $? = 0
configure:6369: checking how to run the C preprocessor
configure:6409: gcc -E  conftest.c
configure:6415: $? = 0
configure:6446: gcc -E  conftest.c
conftest.c:10:28: fatal error: ac_nonexistent.h: No such file or directory
compilation terminated.
configure:6452: $? = 1
configure: failed program was:
| /* confdefs.h.  */
| #define PACKAGE_NAME "pidgin-libnotify"
| #define PACKAGE_TARNAME "pidgin-libnotify"
| #define PACKAGE_VERSION "0.14"
| #define PACKAGE_STRING "pidgin-libnotify 0.14"
| #define PACKAGE_BUGREPORT "nothing"
| #define PACKAGE "pidgin-libnotify"
| #define VERSION "0.14"
| /* end confdefs.h.  */
| #include <ac_nonexistent.h>
configure:6485: result: gcc -E
configure:6514: gcc -E  conftest.c
configure:6520: $? = 0
configure:6551: gcc -E  conftest.c
conftest.c:10:28: fatal error: ac_nonexistent.h: No such file or directory
compilation terminated.
configure:6557: $? = 1
configure: failed program was:
| /* confdefs.h.  */
| #define PACKAGE_NAME "pidgin-libnotify"
| #define PACKAGE_TARNAME "pidgin-libnotify"
| #define PACKAGE_VERSION "0.14"
| #define PACKAGE_STRING "pidgin-libnotify 0.14"
| #define PACKAGE_BUGREPORT "nothing"
| #define PACKAGE "pidgin-libnotify"
| #define VERSION "0.14"
| /* end confdefs.h.  */
| #include <ac_nonexistent.h>
configure:6595: checking for ANSI C header files
configure:6625: gcc -c -g -O2  conftest.c >&5
configure:6631: $? = 0
configure:6730: gcc -o conftest -g -O2   conftest.c  >&5
configure:6733: $? = 0
configure:6739: ./conftest
configure:6742: $? = 0
configure:6759: result: yes
configure:6783: checking for sys/types.h
configure:6804: gcc -c -g -O2  conftest.c >&5
configure:6810: $? = 0
configure:6826: result: yes
configure:6783: checking for sys/stat.h
configure:6804: gcc -c -g -O2  conftest.c >&5
configure:6810: $? = 0
configure:6826: result: yes
configure:6783: checking for stdlib.h
configure:6804: gcc -c -g -O2  conftest.c >&5
configure:6810: $? = 0
configure:6826: result: yes
configure:6783: checking for string.h
configure:6804: gcc -c -g -O2  conftest.c >&5
configure:6810: $? = 0
configure:6826: result: yes
configure:6783: checking for memory.h
configure:6804: gcc -c -g -O2  conftest.c >&5
configure:6810: $? = 0
configure:6826: result: yes
configure:6783: checking for strings.h
configure:6804: gcc -c -g -O2  conftest.c >&5
configure:6810: $? = 0
configure:6826: result: yes
configure:6783: checking for inttypes.h
configure:6804: gcc -c -g -O2  conftest.c >&5
configure:6810: $? = 0
configure:6826: result: yes
configure:6783: checking for stdint.h
configure:6804: gcc -c -g -O2  conftest.c >&5
configure:6810: $? = 0
configure:6826: result: yes
configure:6783: checking for unistd.h
configure:6804: gcc -c -g -O2  conftest.c >&5
configure:6810: $? = 0
configure:6826: result: yes
configure:6842: checking for dlfcn.h
configure:6863: gcc -c -g -O2  conftest.c >&5
configure:6869: $? = 0
configure:6885: result: yes
configure:7069: checking for objdir
configure:7084: result: .libs
configure:7376: checking if gcc supports -fno-rtti -fno-exceptions
configure:7394: gcc -c -g -O2  -fno-rtti -fno-exceptions conftest.c >&5
cc1: warning: command line option '-fno-rtti' is valid for C++/ObjC++ but not for C [enabled by default]
configure:7398: $? = 0
configure:7411: result: no
configure:7431: checking for gcc option to produce PIC
configure:7688: result: -fPIC -DPIC
configure:7700: checking if gcc PIC flag -fPIC -DPIC works
configure:7718: gcc -c -g -O2  -fPIC -DPIC -DPIC conftest.c >&5
configure:7722: $? = 0
configure:7735: result: yes
configure:7759: checking if gcc static flag -static works
configure:7787: result: yes
configure:7802: checking if gcc supports -c -o file.o
configure:7823: gcc -c -g -O2  -o out/conftest2.o conftest.c >&5
configure:7827: $? = 0
configure:7849: result: yes
configure:7857: checking if gcc supports -c -o file.o
configure:7904: result: yes
configure:7937: checking whether the gcc linker (/usr/bin/ld -m elf_x86_64) supports shared libraries
configure:8992: result: yes
configure:9029: checking whether -lc should be explicitly linked in
configure:9034: gcc -c -g -O2  conftest.c >&5
configure:9037: $? = 0
configure:9052: gcc -shared conftest.o  -v -Wl,-soname -Wl,conftest -o conftest 2\>\&1 \| /bin/grep  -lc  \>/dev/null 2\>\&1
configure:9055: $? = 0
configure:9067: result: no
configure:9231: checking dynamic linker characteristics
configure:9674: gcc -o conftest -g -O2   -Wl,-rpath -Wl,/foo conftest.c  >&5
configure:9680: $? = 0
configure:9922: result: GNU/Linux ld.so
configure:10024: checking how to hardcode library paths into programs
configure:10049: result: immediate
configure:10862: checking whether stripping libraries is possible
configure:10867: result: yes
configure:10902: checking if libtool supports shared libraries
configure:10904: result: yes
configure:10907: checking whether to build shared libraries
configure:10928: result: yes
configure:10931: checking whether to build static libraries
configure:10935: result: yes
configure:10985: checking whether NLS is requested
configure:10994: result: yes
configure:11028: checking for intltool-update
configure:11046: found /usr/bin/intltool-update
configure:11058: result: /usr/bin/intltool-update
configure:11068: checking for intltool-merge
configure:11086: found /usr/bin/intltool-merge
configure:11098: result: /usr/bin/intltool-merge
configure:11108: checking for intltool-extract
configure:11126: found /usr/bin/intltool-extract
configure:11138: result: /usr/bin/intltool-extract
configure:11195: checking for xgettext
configure:11213: found /usr/bin/xgettext
configure:11225: result: /usr/bin/xgettext
configure:11235: checking for msgmerge
configure:11253: found /usr/bin/msgmerge
configure:11265: result: /usr/bin/msgmerge
configure:11275: checking for msgfmt
configure:11293: found /usr/bin/msgfmt
configure:11305: result: /usr/bin/msgfmt
configure:11315: checking for gmsgfmt
configure:11346: result: /usr/bin/msgfmt
configure:11370: checking for perl
configure:11388: found /usr/bin/perl
configure:11400: result: /usr/bin/perl
configure:11419: checking for XML::Parser
configure:11422: result: ok
configure:11459: gcc -o conftest -g -O2   conftest.c  >&5
configure:11465: $? = 0
configure:11599: checking locale.h usability
configure:11616: gcc -c -g -O2  conftest.c >&5
configure:11622: $? = 0
configure:11636: result: yes
configure:11640: checking locale.h presence
configure:11655: gcc -E  conftest.c
configure:11661: $? = 0
configure:11675: result: yes
configure:11708: checking for locale.h
configure:11716: result: yes
configure:11730: checking for LC_MESSAGES
configure:11756: gcc -o conftest -g -O2   conftest.c  >&5
configure:11762: $? = 0
configure:11779: result: yes
configure:11808: checking libintl.h usability
configure:11825: gcc -c -g -O2  conftest.c >&5
configure:11831: $? = 0
configure:11845: result: yes
configure:11849: checking libintl.h presence
configure:11864: gcc -E  conftest.c
configure:11870: $? = 0
configure:11884: result: yes
configure:11917: checking for libintl.h
configure:11924: result: yes
configure:11935: checking for ngettext in libc
configure:11963: gcc -o conftest -g -O2   conftest.c  >&5
configure:11969: $? = 0
configure:11987: result: yes
configure:11991: checking for dgettext in libc
configure:12019: gcc -o conftest -g -O2   conftest.c  >&5
configure:12025: $? = 0
configure:12043: result: yes
configure:12052: checking for bind_textdomain_codeset
configure:12108: gcc -o conftest -g -O2   conftest.c  >&5
configure:12114: $? = 0
configure:12132: result: yes
configure:12619: checking for msgfmt
configure:12646: result: /usr/bin/msgfmt
configure:12659: checking for dcgettext
configure:12715: gcc -o conftest -g -O2   conftest.c   >&5
conftest.c:49:6: warning: conflicting types for built-in function 'dcgettext' [enabled by default]
configure:12721: $? = 0
configure:12739: result: yes
configure:12750: checking if msgfmt accepts -c
configure:12765: $MSGFMT -c -o /dev/null conftest.foo
configure:12768: $? = 0
configure:12770: result: yes
configure:12780: checking for gmsgfmt
configure:12811: result: /usr/bin/msgfmt
configure:12821: checking for xgettext
configure:12848: result: /usr/bin/xgettext
configure:12877: gcc -o conftest -g -O2   conftest.c   >&5
configure:12883: $? = 0
configure:13052: checking for catalogs to be installed
configure:13077: result:  es fr it nl pl pt pt_BR sl hu zh_CN ro gl ru bg de sv
configure:13162: checking for gcc
configure:13189: result: gcc
configure:13427: checking for C compiler version
configure:13434: gcc --version >&5
gcc (Debian 4.6.3-1) 4.6.3
Copyright (C) 2011 Free Software Foundation, Inc.
This is free software; see the source for copying conditions.  There is NO
warranty; not even for MERCHANTABILITY or FITNESS FOR A PARTICULAR PURPOSE.

configure:13437: $? = 0
configure:13444: gcc -v >&5
Using built-in specs.
COLLECT_GCC=gcc
COLLECT_LTO_WRAPPER=/usr/lib/gcc/x86_64-linux-gnu/4.6/lto-wrapper
Target: x86_64-linux-gnu
Configured with: ../src/configure -v --with-pkgversion='Debian 4.6.3-1' --with-bugurl=file:///usr/share/doc/gcc-4.6/README.Bugs --enable-languages=c,c++,fortran,objc,obj-c++,go --prefix=/usr --program-suffix=-4.6 --enable-shared --enable-linker-build-id --with-system-zlib --libexecdir=/usr/lib --without-included-gettext --enable-threads=posix --with-gxx-include-dir=/usr/include/c++/4.6 --libdir=/usr/lib --enable-nls --with-sysroot=/ --enable-clocale=gnu --enable-libstdcxx-debug --enable-libstdcxx-time=yes --enable-plugin --enable-objc-gc --with-arch-32=i586 --with-tune=generic --enable-checking=release --build=x86_64-linux-gnu --host=x86_64-linux-gnu --target=x86_64-linux-gnu
Thread model: posix
gcc version 4.6.3 (Debian 4.6.3-1) 
configure:13447: $? = 0
configure:13454: gcc -V >&5
gcc: error: unrecognized option '-V'
gcc: fatal error: no input files
compilation terminated.
configure:13457: $? = 4
configure:13460: checking whether we are using the GNU C compiler
configure:13512: result: yes
configure:13517: checking whether gcc accepts -g
configure:13652: result: yes
configure:13669: checking for gcc option to accept ISO C89
configure:13772: result: none needed
configure:13792: checking dependency style of gcc
configure:13883: result: gcc3
configure:13987: checking for pkg-config
configure:14005: found /usr/bin/pkg-config
configure:14017: result: /usr/bin/pkg-config
configure:14046: checking pkg-config is at least version 0.9.0
configure:14049: result: yes
configure:14060: checking for LIBNOTIFY
configure:14068: $PKG_CONFIG --exists --print-errors "libnotify >= 0.3.2"
configure:14071: $? = 0
configure:14086: $PKG_CONFIG --exists --print-errors "libnotify >= 0.3.2"
configure:14089: $? = 0
configure:14165: result: yes
configure:14178: checking for GTK
configure:14186: $PKG_CONFIG --exists --print-errors "gtk+-2.0"
configure:14189: $? = 0
configure:14204: $PKG_CONFIG --exists --print-errors "gtk+-2.0"
configure:14207: $? = 0
configure:14283: result: yes
configure:14297: checking for LIBPURPLE
configure:14305: $PKG_CONFIG --exists --print-errors "purple >= 2.0.0"
configure:14308: $? = 0
configure:14323: $PKG_CONFIG --exists --print-errors "purple >= 2.0.0"
configure:14326: $? = 0
configure:14402: result: yes
configure:14425: checking for PIDGIN
configure:14433: $PKG_CONFIG --exists --print-errors "pidgin >= 2.0.0"
configure:14436: $? = 0
configure:14451: $PKG_CONFIG --exists --print-errors "pidgin >= 2.0.0"
configure:14454: $? = 0
configure:14530: result: yes
configure:14709: creating ./config.status

## ---------------------- ##
## Running config.status. ##
## ---------------------- ##

This file was extended by pidgin-libnotify config.status 0.14, which was
generated by GNU Autoconf 2.61.  Invocation command line was

  CONFIG_FILES    = 
  CONFIG_HEADERS  = 
  CONFIG_LINKS    = 
  CONFIG_COMMANDS = 
  $ ./config.status 

on mithril

config.status:915: creating Makefile
config.status:915: creating VERSION
config.status:915: creating po/Makefile.in
config.status:915: creating src/Makefile
config.status:915: creating config.h
config.status:1198: executing depfiles commands
config.status:1198: executing libtool commands
config.status:1198: executing default-1 commands
config.status:1198: executing po/stamp-it commands

## ---------------- ##
## Cache variables. ##
## ---------------- ##

ac_cv_build=x86_64-unknown-linux-gnu
ac_cv_c_compiler_gnu=yes
ac_cv_env_CC_set=
ac_cv_env_CC_value=
ac_cv_env_CFLAGS_set=
ac_cv_env_CFLAGS_value=
ac_cv_env_CPPFLAGS_set=
ac_cv_env_CPPFLAGS_value=
ac_cv_env_CPP_set=
ac_cv_env_CPP_value=
ac_cv_env_GTK_CFLAGS_set=
ac_cv_env_GTK_CFLAGS_value=
ac_cv_env_GTK_LIBS_set=
ac_cv_env_GTK_LIBS_value=
ac_cv_env_LDFLAGS_set=
ac_cv_env_LDFLAGS_value=
ac_cv_env_LIBNOTIFY_CFLAGS_set=
ac_cv_env_LIBNOTIFY_CFLAGS_value=
ac_cv_env_LIBNOTIFY_LIBS_set=
ac_cv_env_LIBNOTIFY_LIBS_value=
ac_cv_env_LIBPURPLE_CFLAGS_set=
ac_cv_env_LIBPURPLE_CFLAGS_value=
ac_cv_env_LIBPURPLE_LIBS_set=
ac_cv_env_LIBPURPLE_LIBS_value=
ac_cv_env_LIBS_set=
ac_cv_env_LIBS_value=
ac_cv_env_PIDGIN_CFLAGS_set=
ac_cv_env_PIDGIN_CFLAGS_value=
ac_cv_env_PIDGIN_LIBS_set=
ac_cv_env_PIDGIN_LIBS_value=
ac_cv_env_PKG_CONFIG_set=
ac_cv_env_PKG_CONFIG_value=
ac_cv_env_build_alias_set=
ac_cv_env_build_alias_value=
ac_cv_env_host_alias_set=
ac_cv_env_host_alias_value=
ac_cv_env_target_alias_set=
ac_cv_env_target_alias_value=
ac_cv_func_bind_textdomain_codeset=yes
ac_cv_func_dcgettext=yes
ac_cv_header_dlfcn_h=yes
ac_cv_header_inttypes_h=yes
ac_cv_header_libintl_h=yes
ac_cv_header_locale_h=yes
ac_cv_header_memory_h=yes
ac_cv_header_stdc=yes
ac_cv_header_stdint_h=yes
ac_cv_header_stdlib_h=yes
ac_cv_header_string_h=yes
ac_cv_header_strings_h=yes
ac_cv_header_sys_stat_h=yes
ac_cv_header_sys_types_h=yes
ac_cv_header_unistd_h=yes
ac_cv_host=x86_64-unknown-linux-gnu
ac_cv_objext=o
ac_cv_path_EGREP='/bin/grep -E'
ac_cv_path_FGREP='/bin/grep -F'
ac_cv_path_GMSGFMT=/usr/bin/msgfmt
ac_cv_path_GREP=/bin/grep
ac_cv_path_INTLTOOL_EXTRACT=/usr/bin/intltool-extract
ac_cv_path_INTLTOOL_MERGE=/usr/bin/intltool-merge
ac_cv_path_INTLTOOL_PERL=/usr/bin/perl
ac_cv_path_INTLTOOL_UPDATE=/usr/bin/intltool-update
ac_cv_path_MSGFMT=/usr/bin/msgfmt
ac_cv_path_MSGMERGE=/usr/bin/msgmerge
ac_cv_path_SED=/bin/sed
ac_cv_path_XGETTEXT=/usr/bin/xgettext
ac_cv_path_ac_pt_PKG_CONFIG=/usr/bin/pkg-config
ac_cv_path_install='/usr/bin/install -c'
ac_cv_path_mkdir=/bin/mkdir
ac_cv_path_sedpath=/bin/sed
ac_cv_prog_AWK=mawk
ac_cv_prog_CPP='gcc -E'
ac_cv_prog_ac_ct_AR=ar
ac_cv_prog_ac_ct_CC=gcc
ac_cv_prog_ac_ct_RANLIB=ranlib
ac_cv_prog_ac_ct_STRIP=strip
ac_cv_prog_cc_c89=
ac_cv_prog_cc_g=yes
ac_cv_prog_make_make_set=yes
ac_cv_target=x86_64-unknown-linux-gnu
am_cv_CC_dependencies_compiler_type=gcc3
am_cv_val_LC_MESSAGES=yes
gt_cv_func_dgettext_libc=yes
gt_cv_func_dgettext_libintl=no
gt_cv_func_ngettext_libc=yes
gt_cv_have_gettext=yes
lt_cv_deplibs_check_method=pass_all
lt_cv_file_magic_cmd='$MAGIC_CMD'
lt_cv_file_magic_test_file=
lt_cv_ld_reload_flag=-r
lt_cv_nm_interface='BSD nm'
lt_cv_objdir=.libs
lt_cv_path_LD=/usr/bin/ld
lt_cv_path_NM='/usr/bin/nm -B'
lt_cv_prog_compiler_c_o=yes
lt_cv_prog_compiler_pic_works=yes
lt_cv_prog_compiler_rtti_exceptions=no
lt_cv_prog_compiler_static_works=yes
lt_cv_prog_gnu_ld=yes
lt_cv_sys_global_symbol_pipe='sed -n -e '\''s/^.*[	 ]\([ABCDGIRSTW][ABCDGIRSTW]*\)[	 ][	 ]*\([_A-Za-z][_A-Za-z0-9]*\)$/\1 \2 \2/p'\'''
lt_cv_sys_global_symbol_to_c_name_address='sed -n -e '\''s/^: \([^ ]*\) $/  {\"\1\", (void *) 0},/p'\'' -e '\''s/^[ABCDGIRSTW]* \([^ ]*\) \([^ ]*\)$/  {"\2", (void *) \&\2},/p'\'''
lt_cv_sys_global_symbol_to_c_name_address_lib_prefix='sed -n -e '\''s/^: \([^ ]*\) $/  {\"\1\", (void *) 0},/p'\'' -e '\''s/^[ABCDGIRSTW]* \([^ ]*\) \(lib[^ ]*\)$/  {"\2", (void *) \&\2},/p'\'' -e '\''s/^[ABCDGIRSTW]* \([^ ]*\) \([^ ]*\)$/  {"lib\2", (void *) \&\2},/p'\'''
lt_cv_sys_global_symbol_to_cdecl='sed -n -e '\''s/^T .* \(.*\)$/extern int \1();/p'\'' -e '\''s/^[ABCDGIRSTW]* .* \(.*\)$/extern char \1;/p'\'''
lt_cv_sys_max_cmd_len=1572864
pkg_cv_GTK_CFLAGS='-pthread -I/usr/include/gtk-2.0 -I/usr/lib/x86_64-linux-gnu/gtk-2.0/include -I/usr/include/atk-1.0 -I/usr/include/cairo -I/usr/include/gdk-pixbuf-2.0 -I/usr/include/pango-1.0 -I/usr/include/gio-unix-2.0/ -I/usr/include/glib-2.0 -I/usr/lib/x86_64-linux-gnu/glib-2.0/include -I/usr/include/pixman-1 -I/usr/include/freetype2 -I/usr/include/libpng12  '
pkg_cv_GTK_LIBS='-lgtk-x11-2.0 -lgdk-x11-2.0 -latk-1.0 -lgio-2.0 -lpangoft2-1.0 -lpangocairo-1.0 -lgdk_pixbuf-2.0 -lcairo -lpango-1.0 -lfreetype -lfontconfig -lgobject-2.0 -lglib-2.0  '
pkg_cv_LIBNOTIFY_CFLAGS='-pthread -I/usr/include/gdk-pixbuf-2.0 -I/usr/include/glib-2.0 -I/usr/lib/x86_64-linux-gnu/glib-2.0/include -I/usr/include/libpng12  '
pkg_cv_LIBNOTIFY_LIBS='-lnotify -lgdk_pixbuf-2.0 -lgio-2.0 -lgobject-2.0 -lglib-2.0  '
pkg_cv_LIBPURPLE_CFLAGS='-I/usr/include/glib-2.0 -I/usr/lib/x86_64-linux-gnu/glib-2.0/include -I/usr/include/libpurple  '
pkg_cv_LIBPURPLE_LIBS='-lpurple -lglib-2.0  '
pkg_cv_PIDGIN_CFLAGS='-pthread -I/usr/include/gtk-2.0 -I/usr/lib/x86_64-linux-gnu/gtk-2.0/include -I/usr/include/atk-1.0 -I/usr/include/cairo -I/usr/include/gdk-pixbuf-2.0 -I/usr/include/pango-1.0 -I/usr/include/gio-unix-2.0/ -I/usr/include/glib-2.0 -I/usr/lib/x86_64-linux-gnu/glib-2.0/include -I/usr/include/pixman-1 -I/usr/include/freetype2 -I/usr/include/libpng12 -I/usr/include/pidgin -I/usr/include/libpurple  '
pkg_cv_PIDGIN_LIBS='-lgtk-x11-2.0 -lpurple -lgdk-x11-2.0 -latk-1.0 -lgio-2.0 -lpangoft2-1.0 -lpangocairo-1.0 -lgdk_pixbuf-2.0 -lcairo -lpango-1.0 -lfreetype -lfontconfig -lgobject-2.0 -lglib-2.0  '

## ----------------- ##
## Output variables. ##
## ----------------- ##

ACLOCAL='${SHELL} /home/yorik/Sources/pidgin-libnotify-0.14/missing --run aclocal-1.10'
ALL_LINGUAS='es fr it nl pl pt pt_BR sl hu zh_CN ro gl ru bg de sv'
AMDEPBACKSLASH='\'
AMDEP_FALSE='#'
AMDEP_TRUE=''
AMTAR='${SHELL} /home/yorik/Sources/pidgin-libnotify-0.14/missing --run tar'
AR='ar'
AUTOCONF='${SHELL} /home/yorik/Sources/pidgin-libnotify-0.14/missing --run autoconf'
AUTOHEADER='${SHELL} /home/yorik/Sources/pidgin-libnotify-0.14/missing --run autoheader'
AUTOMAKE='${SHELL} /home/yorik/Sources/pidgin-libnotify-0.14/missing --run automake-1.10'
AWK='mawk'
CATALOGS=' es.gmo fr.gmo it.gmo nl.gmo pl.gmo pt.gmo pt_BR.gmo sl.gmo hu.gmo zh_CN.gmo ro.gmo gl.gmo ru.gmo bg.gmo de.gmo sv.gmo'
CATOBJEXT='.gmo'
CC='gcc'
CCDEPMODE='depmode=gcc3'
CFLAGS='-g -O2 -Wall -g3'
CPP='gcc -E'
CPPFLAGS=''
CYGPATH_W='echo'
DATADIRNAME='share'
DEBUG_CFLAGS=''
DEFS='-DHAVE_CONFIG_H'
DEPDIR='.deps'
DSYMUTIL=''
DUMPBIN=''
ECHO_C=''
ECHO_N='-n'
ECHO_T=''
EGREP='/bin/grep -E'
EXEEXT=''
FGREP='/bin/grep -F'
GETTEXT_PACKAGE='pidgin-libnotify'
GMOFILES=' es.gmo fr.gmo it.gmo nl.gmo pl.gmo pt.gmo pt_BR.gmo sl.gmo hu.gmo zh_CN.gmo ro.gmo gl.gmo ru.gmo bg.gmo de.gmo sv.gmo'
GMSGFMT='/usr/bin/msgfmt'
GREP='/bin/grep'
GTK_CFLAGS='-pthread -I/usr/include/gtk-2.0 -I/usr/lib/x86_64-linux-gnu/gtk-2.0/include -I/usr/include/atk-1.0 -I/usr/include/cairo -I/usr/include/gdk-pixbuf-2.0 -I/usr/include/pango-1.0 -I/usr/include/gio-unix-2.0/ -I/usr/include/glib-2.0 -I/usr/lib/x86_64-linux-gnu/glib-2.0/include -I/usr/include/pixman-1 -I/usr/include/freetype2 -I/usr/include/libpng12  '
GTK_LIBS='-lgtk-x11-2.0 -lgdk-x11-2.0 -latk-1.0 -lgio-2.0 -lpangoft2-1.0 -lpangocairo-1.0 -lgdk_pixbuf-2.0 -lcairo -lpango-1.0 -lfreetype -lfontconfig -lgobject-2.0 -lglib-2.0  '
INSTALL_DATA='${INSTALL} -m 644'
INSTALL_PROGRAM='${INSTALL}'
INSTALL_SCRIPT='${INSTALL}'
INSTALL_STRIP_PROGRAM='$(install_sh) -c -s'
INSTOBJEXT='.mo'
INTLLIBS=''
INTLTOOL_CAVES_RULE='%.caves:     %.caves.in     $(INTLTOOL_MERGE) $(wildcard $(top_srcdir)/po/*.po) ; LC_ALL=C $(INTLTOOL_MERGE) -d -u -c $(top_builddir)/po/.intltool-merge-cache $(top_srcdir)/po $< $@'
INTLTOOL_DESKTOP_RULE='%.desktop:   %.desktop.in   $(INTLTOOL_MERGE) $(wildcard $(top_srcdir)/po/*.po) ; LC_ALL=C $(INTLTOOL_MERGE) -d -u -c $(top_builddir)/po/.intltool-merge-cache $(top_srcdir)/po $< $@'
INTLTOOL_DIRECTORY_RULE='%.directory: %.directory.in $(INTLTOOL_MERGE) $(wildcard $(top_srcdir)/po/*.po) ; LC_ALL=C $(INTLTOOL_MERGE) -d -u -c $(top_builddir)/po/.intltool-merge-cache $(top_srcdir)/po $< $@'
INTLTOOL_EXTRACT='/usr/bin/intltool-extract'
INTLTOOL_KBD_RULE='%.kbd:       %.kbd.in       $(INTLTOOL_MERGE) $(wildcard $(top_srcdir)/po/*.po) ; LC_ALL=C $(INTLTOOL_MERGE) -x -u -m -c $(top_builddir)/po/.intltool-merge-cache $(top_srcdir)/po $< $@'
INTLTOOL_KEYS_RULE='%.keys:      %.keys.in      $(INTLTOOL_MERGE) $(wildcard $(top_srcdir)/po/*.po) ; LC_ALL=C $(INTLTOOL_MERGE) -k -u -c $(top_builddir)/po/.intltool-merge-cache $(top_srcdir)/po $< $@'
INTLTOOL_MERGE='/usr/bin/intltool-merge'
INTLTOOL_OAF_RULE='%.oaf:       %.oaf.in       $(INTLTOOL_MERGE) $(wildcard $(top_srcdir)/po/*.po) ; LC_ALL=C $(INTLTOOL_MERGE) -o -p $(top_srcdir)/po $< $@'
INTLTOOL_PERL='/usr/bin/perl'
INTLTOOL_POLICY_RULE='%.policy:    %.policy.in    $(INTLTOOL_MERGE) $(wildcard $(top_srcdir)/po/*.po) ; LC_ALL=C $(INTLTOOL_MERGE) -x -u -c $(top_builddir)/po/.intltool-merge-cache $(top_srcdir)/po $< $@'
INTLTOOL_PONG_RULE='%.pong:      %.pong.in      $(INTLTOOL_MERGE) $(wildcard $(top_srcdir)/po/*.po) ; LC_ALL=C $(INTLTOOL_MERGE) -x -u -c $(top_builddir)/po/.intltool-merge-cache $(top_srcdir)/po $< $@'
INTLTOOL_PROP_RULE='%.prop:      %.prop.in      $(INTLTOOL_MERGE) $(wildcard $(top_srcdir)/po/*.po) ; LC_ALL=C $(INTLTOOL_MERGE) -d -u -c $(top_builddir)/po/.intltool-merge-cache $(top_srcdir)/po $< $@'
INTLTOOL_SCHEMAS_RULE='%.schemas:   %.schemas.in   $(INTLTOOL_MERGE) $(wildcard $(top_srcdir)/po/*.po) ; LC_ALL=C $(INTLTOOL_MERGE) -s -u -c $(top_builddir)/po/.intltool-merge-cache $(top_srcdir)/po $< $@'
INTLTOOL_SERVER_RULE='%.server:    %.server.in    $(INTLTOOL_MERGE) $(wildcard $(top_srcdir)/po/*.po) ; LC_ALL=C $(INTLTOOL_MERGE) -o -u -c $(top_builddir)/po/.intltool-merge-cache $(top_srcdir)/po $< $@'
INTLTOOL_SERVICE_RULE='%.service: %.service.in   $(INTLTOOL_MERGE) $(wildcard $(top_srcdir)/po/*.po) ; LC_ALL=C $(INTLTOOL_MERGE) -d -u -c $(top_builddir)/po/.intltool-merge-cache $(top_srcdir)/po $< $@'
INTLTOOL_SHEET_RULE='%.sheet:     %.sheet.in     $(INTLTOOL_MERGE) $(wildcard $(top_srcdir)/po/*.po) ; LC_ALL=C $(INTLTOOL_MERGE) -x -u -c $(top_builddir)/po/.intltool-merge-cache $(top_srcdir)/po $< $@'
INTLTOOL_SOUNDLIST_RULE='%.soundlist: %.soundlist.in $(INTLTOOL_MERGE) $(wildcard $(top_srcdir)/po/*.po) ; LC_ALL=C $(INTLTOOL_MERGE) -d -u -c $(top_builddir)/po/.intltool-merge-cache $(top_srcdir)/po $< $@'
INTLTOOL_THEME_RULE='%.theme:     %.theme.in     $(INTLTOOL_MERGE) $(wildcard $(top_srcdir)/po/*.po) ; LC_ALL=C $(INTLTOOL_MERGE) -d -u -c $(top_builddir)/po/.intltool-merge-cache $(top_srcdir)/po $< $@'
INTLTOOL_UI_RULE='%.ui:        %.ui.in        $(INTLTOOL_MERGE) $(wildcard $(top_srcdir)/po/*.po) ; LC_ALL=C $(INTLTOOL_MERGE) -x -u -c $(top_builddir)/po/.intltool-merge-cache $(top_srcdir)/po $< $@'
INTLTOOL_UPDATE='/usr/bin/intltool-update'
INTLTOOL_XAM_RULE='%.xam:       %.xml.in       $(INTLTOOL_MERGE) $(wildcard $(top_srcdir)/po/*.po) ; LC_ALL=C $(INTLTOOL_MERGE) -x -u -c $(top_builddir)/po/.intltool-merge-cache $(top_srcdir)/po $< $@'
INTLTOOL_XML_NOMERGE_RULE='%.xml:       %.xml.in       $(INTLTOOL_MERGE) ; LC_ALL=C $(INTLTOOL_MERGE) -x -u /tmp $< $@'
INTLTOOL_XML_RULE='%.xml:       %.xml.in       $(INTLTOOL_MERGE) $(wildcard $(top_srcdir)/po/*.po) ; LC_ALL=C $(INTLTOOL_MERGE) -x -u -c $(top_builddir)/po/.intltool-merge-cache $(top_srcdir)/po $< $@'
LD='/usr/bin/ld -m elf_x86_64'
LDFLAGS=''
LIBNOTIFY_CFLAGS='-pthread -I/usr/include/gdk-pixbuf-2.0 -I/usr/include/glib-2.0 -I/usr/lib/x86_64-linux-gnu/glib-2.0/include -I/usr/include/libpng12  '
LIBNOTIFY_LIBS='-lnotify -lgdk_pixbuf-2.0 -lgio-2.0 -lgobject-2.0 -lglib-2.0  '
LIBOBJS=''
LIBPURPLE_CFLAGS='-I/usr/include/glib-2.0 -I/usr/lib/x86_64-linux-gnu/glib-2.0/include -I/usr/include/libpurple  '
LIBPURPLE_DATADIR='/usr/share'
LIBPURPLE_LIBDIR='/usr/lib'
LIBPURPLE_LIBS='-lpurple -lglib-2.0  '
LIBS=''
LIBTOOL='$(SHELL) $(top_builddir)/libtool --silent'
LIPO=''
LN_S='ln -s'
LTLIBOBJS=''
MAKEINFO='${SHELL} /home/yorik/Sources/pidgin-libnotify-0.14/missing --run makeinfo'
MKINSTALLDIRS='./mkinstalldirs'
MSGFMT='/usr/bin/msgfmt'
MSGFMT_OPTS='-c'
MSGMERGE='/usr/bin/msgmerge'
NM='/usr/bin/nm -B'
NMEDIT=''
OBJEXT='o'
OTOOL64=''
OTOOL=''
PACKAGE='pidgin-libnotify'
PACKAGE_BUGREPORT='nothing'
PACKAGE_NAME='pidgin-libnotify'
PACKAGE_STRING='pidgin-libnotify 0.14'
PACKAGE_TARNAME='pidgin-libnotify'
PACKAGE_VERSION='0.14'
PATH_SEPARATOR=':'
PIDGIN_CFLAGS='-pthread -I/usr/include/gtk-2.0 -I/usr/lib/x86_64-linux-gnu/gtk-2.0/include -I/usr/include/atk-1.0 -I/usr/include/cairo -I/usr/include/gdk-pixbuf-2.0 -I/usr/include/pango-1.0 -I/usr/include/gio-unix-2.0/ -I/usr/include/glib-2.0 -I/usr/lib/x86_64-linux-gnu/glib-2.0/include -I/usr/include/pixman-1 -I/usr/include/freetype2 -I/usr/include/libpng12 -I/usr/include/pidgin -I/usr/include/libpurple  '
PIDGIN_DATADIR='/usr/share'
PIDGIN_LIBDIR='/usr/lib'
PIDGIN_LIBS='-lgtk-x11-2.0 -lpurple -lgdk-x11-2.0 -latk-1.0 -lgio-2.0 -lpangoft2-1.0 -lpangocairo-1.0 -lgdk_pixbuf-2.0 -lcairo -lpango-1.0 -lfreetype -lfontconfig -lgobject-2.0 -lglib-2.0  '
PKG_CONFIG='/usr/bin/pkg-config'
PLUGINS_FALSE='#'
PLUGINS_TRUE=''
POFILES=' es.po fr.po it.po nl.po pl.po pt.po pt_BR.po sl.po hu.po zh_CN.po ro.po gl.po ru.po bg.po de.po sv.po'
POSUB='po'
PO_IN_DATADIR_FALSE=''
PO_IN_DATADIR_TRUE=''
RANLIB='ranlib'
SED='/bin/sed'
SET_MAKE=''
SHELL='/bin/bash'
STRIP='strip'
USE_NLS='yes'
VERSION='0.14'
XGETTEXT='/usr/bin/xgettext'
ac_ct_CC='gcc'
ac_ct_DUMPBIN=''
am__fastdepCC_FALSE='#'
am__fastdepCC_TRUE=''
am__include='include'
am__isrc=''
am__leading_dot='.'
am__quote=''
am__tar='${AMTAR} chof - "$$tardir"'
am__untar='${AMTAR} xf -'
bindir='${exec_prefix}/bin'
build='x86_64-unknown-linux-gnu'
build_alias=''
build_cpu='x86_64'
build_os='linux-gnu'
build_vendor='unknown'
datadir='${datarootdir}'
datarootdir='${prefix}/share'
docdir='${datarootdir}/doc/${PACKAGE_TARNAME}'
dvidir='${docdir}'
exec_prefix='${prefix}'
host='x86_64-unknown-linux-gnu'
host_alias=''
host_cpu='x86_64'
host_os='linux-gnu'
host_vendor='unknown'
htmldir='${docdir}'
includedir='${prefix}/include'
infodir='${datarootdir}/info'
install_sh='$(SHELL) /home/yorik/Sources/pidgin-libnotify-0.14/install-sh'
libdir='${exec_prefix}/lib'
libexecdir='${exec_prefix}/libexec'
localedir='${datarootdir}/locale'
localstatedir='${prefix}/var'
lt_ECHO='echo'
mandir='${datarootdir}/man'
mkdir_p='/bin/mkdir -p'
oldincludedir='/usr/include'
pdfdir='${docdir}'
prefix='/usr/local'
program_transform_name='s,x,x,'
psdir='${docdir}'
sbindir='${exec_prefix}/sbin'
sedpath='/bin/sed'
sharedstatedir='${prefix}/com'
sysconfdir='${prefix}/etc'
target='x86_64-unknown-linux-gnu'
target_alias=''
target_cpu='x86_64'
target_os='linux-gnu'
target_vendor='unknown'

## ----------- ##
## confdefs.h. ##
## ----------- ##

#define PACKAGE_NAME "pidgin-libnotify"
#define PACKAGE_TARNAME "pidgin-libnotify"
#define PACKAGE_VERSION "0.14"
#define PACKAGE_STRING "pidgin-libnotify 0.14"
#define PACKAGE_BUGREPORT "nothing"
#define PACKAGE "pidgin-libnotify"
#define VERSION "0.14"
#define STDC_HEADERS 1
#define HAVE_SYS_TYPES_H 1
#define HAVE_SYS_STAT_H 1
#define HAVE_STDLIB_H 1
#define HAVE_STRING_H 1
#define HAVE_MEMORY_H 1
#define HAVE_STRINGS_H 1
#define HAVE_INTTYPES_H 1
#define HAVE_STDINT_H 1
#define HAVE_UNISTD_H 1
#define HAVE_DLFCN_H 1
#define LT_OBJDIR ".libs/"
#define HAVE_LOCALE_H 1
#define HAVE_LC_MESSAGES 1
#define HAVE_BIND_TEXTDOMAIN_CODESET 1
#define HAVE_GETTEXT 1
#define HAVE_DCGETTEXT 1
#define ENABLE_NLS 1
#define HAVE_LIBPURPLE 1
#define HAVE_PIDGIN 1

configure: exit 0
